1656835623593	mozrunner::runner	INFO	Running command: "/usr/bin/firefox" "-marionette" "-foreground" "-no-remote" "-profile" "/tmp/rust_mozprofiles10QJu"
Gtk-Message: 13:52:03.606: Failed to load module "xapp-gtk3-module"
1656835623846	Marionette	INFO	Marionette enabled
console.warn: SearchSettings: "get: No settings file exists, new profile?" (new NotFoundError("Could not open the file at /tmp/rust_mozprofiles10QJu/search.json.mozlz4", (void 0)))
1656835624695	Marionette	INFO	Listening on port 33087
1656835624819	RemoteAgent	WARN	TLS certificate errors will be ignored for this session
1656835635062	Marionette	INFO	Stopped listening on port 33087
JavaScript error: resource:///modules/Interactions.jsm, line 209: NS_ERROR_FAILURE: Component returned failure code: 0x80004005 (NS_ERROR_FAILURE) [nsIUserIdleService.removeIdleObserver]

###!!! [Parent][RunMessage] Error: Channel closing: too late to send/recv, messages will be lost

1656835641149	mozrunner::runner	INFO	Running command: "/usr/bin/firefox" "-marionette" "-foreground" "-no-remote" "-profile" "/tmp/rust_mozprofileDRQiOx"
Gtk-Message: 13:52:21.163: Failed to load module "xapp-gtk3-module"
1656835641404	Marionette	INFO	Marionette enabled
console.warn: SearchSettings: "get: No settings file exists, new profile?" (new NotFoundError("Could not open the file at /tmp/rust_mozprofileDRQiOx/search.json.mozlz4", (void 0)))
1656835642280	Marionette	INFO	Listening on port 36431
1656835642374	RemoteAgent	WARN	TLS certificate errors will be ignored for this session
JavaScript error: resource://gre/modules/PartitioningExceptionListService.jsm, line 69: NS_ERROR_MALFORMED_URI: Component returned failure code: 0x804b000a (NS_ERROR_MALFORMED_URI) [nsIPartitioningExceptionListObserver.onExceptionListUpdate]
1656835688714	Marionette	INFO	Stopped listening on port 36431
JavaScript error: resource:///modules/Interactions.jsm, line 209: NS_ERROR_FAILURE: Component returned failure code: 0x80004005 (NS_ERROR_FAILURE) [nsIUserIdleService.removeIdleObserver]

###!!! [Parent][RunMessage] Error: Channel closing: too late to send/recv, messages will be lost

1656835706981	mozrunner::runner	INFO	Running command: "/usr/bin/firefox" "-marionette" "-foreground" "-no-remote" "-profile" "/tmp/rust_mozprofileA6snJH"
Gtk-Message: 13:53:26.995: Failed to load module "xapp-gtk3-module"
1656835707236	Marionette	INFO	Marionette enabled
console.warn: SearchSettings: "get: No settings file exists, new profile?" (new NotFoundError("Could not open the file at /tmp/rust_mozprofileA6snJH/search.json.mozlz4", (void 0)))
1656835708020	Marionette	INFO	Listening on port 34935
1656835708101	RemoteAgent	WARN	TLS certificate errors will be ignored for this session
JavaScript error: resource://gre/modules/PartitioningExceptionListService.jsm, line 69: NS_ERROR_MALFORMED_URI: Component returned failure code: 0x804b000a (NS_ERROR_MALFORMED_URI) [nsIPartitioningExceptionListObserver.onExceptionListUpdate]
1656836329952	Marionette	INFO	Stopped listening on port 34935
JavaScript error: resource:///modules/Interactions.jsm, line 209: NS_ERROR_FAILURE: Component returned failure code: 0x80004005 (NS_ERROR_FAILURE) [nsIUserIdleService.removeIdleObserver]
JavaScript error: chrome://remote/content/marionette/cert.js, line 55: NS_ERROR_NOT_AVAILABLE: Component returned failure code: 0x80040111 (NS_ERROR_NOT_AVAILABLE) [nsICertOverrideService.setDisableAllSecurityChecksAndLetAttackersInterceptMyData]

###!!! [Parent][RunMessage] Error: Channel closing: too late to send/recv, messages will be lost

1656843320342	mozrunner::runner	INFO	Running command: "/usr/bin/firefox" "-marionette" "-foreground" "-no-remote" "-profile" "/tmp/rust_mozprofileNs42U1"
Gtk-Message: 16:00:20.355: Failed to load module "xapp-gtk3-module"
1656843320594	Marionette	INFO	Marionette enabled
console.warn: SearchSettings: "get: No settings file exists, new profile?" (new NotFoundError("Could not open the file at /tmp/rust_mozprofileNs42U1/search.json.mozlz4", (void 0)))
1656843321430	Marionette	INFO	Listening on port 41831
1656843321453	RemoteAgent	WARN	TLS certificate errors will be ignored for this session
console.error: Region.jsm: "Error fetching region" (new Error("TIMEOUT", "resource://gre/modules/Region.jsm", 772))
console.error: Region.jsm: "Failed to fetch region" (new Error("TIMEOUT", "resource://gre/modules/Region.jsm", 419))
JavaScript error: resource://gre/modules/PartitioningExceptionListService.jsm, line 69: NS_ERROR_MALFORMED_URI: Component returned failure code: 0x804b000a (NS_ERROR_MALFORMED_URI) [nsIPartitioningExceptionListObserver.onExceptionListUpdate]
1656843399183	Marionette	INFO	Stopped listening on port 41831
JavaScript error: resource:///modules/Interactions.jsm, line 209: NS_ERROR_FAILURE: Component returned failure code: 0x80004005 (NS_ERROR_FAILURE) [nsIUserIdleService.removeIdleObserver]
JavaScript error: chrome://remote/content/marionette/cert.js, line 55: NS_ERROR_NOT_AVAILABLE: Component returned failure code: 0x80040111 (NS_ERROR_NOT_AVAILABLE) [nsICertOverrideService.setDisableAllSecurityChecksAndLetAttackersInterceptMyData]

###!!! [Parent][RunMessage] Error: Channel closing: too late to send/recv, messages will be lost

1666578567989	mozrunner::runner	INFO	Running command: "/usr/bin/firefox" "-marionette" "-foreground" "-no-remote" "-profile" "/tmp/rust_mozprofileBzGGML"
ATTENTION: default value of option mesa_glthread overridden by environment.
ATTENTION: default value of option mesa_glthread overridden by environment.
ATTENTION: default value of option mesa_glthread overridden by environment.
ATTENTION: default value of option mesa_glthread overridden by environment.
1666578568382	Marionette	INFO	Marionette enabled
1666578568384	Marionette	INFO	Listening on port 36015
1666578568496	RemoteAgent	WARN	TLS certificate errors will be ignored for this session
console.warn: SearchSettings: "get: No settings file exists, new profile?" (new NotFoundError("Could not open the file at /tmp/rust_mozprofileBzGGML/search.json.mozlz4", (void 0)))
Missing chrome or resource URL: resource://gre/modules/UpdateListener.jsm
Missing chrome or resource URL: resource://gre/modules/UpdateListener.sys.mjs
JavaScript warning: https://pagead2.googlesyndication.com/bg/gCRIKOWNSb5IUDc5H65fq3HhyX6JbrBsmszYwBj9iG8.js line 2 > eval line 5264 > eval line 1 > eval line 1 > eval, line 1: WEBGL_debug_renderer_info is deprecated in Firefox and will be removed. Please use RENDERER.
1666578627705	Marionette	WARN	Ignoring event 'pageshow' because document has an invalid readyState of 'uninitialized'.
JavaScript error: https://www.google.com/sorry/index?continue=https://www.google.com/search%3Fq%3D%2520site:linkedin.com%2520employees%2520ss2-pkg.cms.dell.com&q=EgRvdyxaGOXx15oGIhCidk8Ux72woPZh5Cf6AhE_MgFy, line 1: SyntaxError: expected expression, got ','
console.warn: LoginRecipes: "getRecipes: falling back to a synchronous message for:" "https://www.google.com"
console.warn: LoginRecipes: "getRecipes: falling back to a synchronous message for:" "https://www.google.com"
console.warn: LoginRecipes: "getRecipes: falling back to a synchronous message for:" "https://www.google.com"
1666578841728	Marionette	INFO	Stopped listening on port 36015
Missing chrome or resource URL: resource://gre/modules/UpdateListener.jsm
Missing chrome or resource URL: resource://gre/modules/UpdateListener.sys.mjs
console.error: "Error during quit-application-granted: [Exception... \"File error: Not found\"  nsresult: \"0x80520012 (NS_ERROR_FILE_NOT_FOUND)\"  location: \"JS frame :: resource:///modules/BrowserGlue.jsm :: _onQuitApplicationGranted/tasks< :: line 1996\"  data: no]"
1666579026329	mozrunner::runner	INFO	Running command: "/usr/bin/firefox" "-marionette" "-foreground" "-no-remote" "-profile" "/tmp/rust_mozprofilej1s0rK"
ATTENTION: default value of option mesa_glthread overridden by environment.
ATTENTION: default value of option mesa_glthread overridden by environment.
ATTENTION: default value of option mesa_glthread overridden by environment.
ATTENTION: default value of option mesa_glthread overridden by environment.
1666579026709	Marionette	INFO	Marionette enabled
1666579026711	Marionette	INFO	Listening on port 37335
1666579026810	RemoteAgent	WARN	TLS certificate errors will be ignored for this session
console.warn: SearchSettings: "get: No settings file exists, new profile?" (new NotFoundError("Could not open the file at /tmp/rust_mozprofilej1s0rK/search.json.mozlz4", (void 0)))
Missing chrome or resource URL: resource://gre/modules/UpdateListener.jsm
Missing chrome or resource URL: resource://gre/modules/UpdateListener.sys.mjs
JavaScript error: https://www.google.com/sorry/index?continue=https://www.google.com/search%3Fq%3Dsite:www.ap.dell.com%2520ext:php%2520intitle:phpinfo%2520%2522published%2520by%2520the%2520PHP%2520Group%2522&q=EgRvdyxaGKL115oGIhAL3-JMJoD3xQP_uta0VYjTMgFy, line 1: SyntaxError: expected expression, got ','
console.warn: LoginRecipes: "getRecipes: falling back to a synchronous message for:" "https://www.google.com"
1666579135018	Marionette	WARN	Ignoring event 'DOMContentLoaded' because document has an invalid readyState of 'complete'.
JavaScript warning: https://pagead2.googlesyndication.com/bg/gCRIKOWNSb5IUDc5H65fq3HhyX6JbrBsmszYwBj9iG8.js line 2 > eval line 1469 > eval line 1 > eval line 1 > eval, line 1: WEBGL_debug_renderer_info is deprecated in Firefox and will be removed. Please use RENDERER.
1666579142256	Marionette	WARN	Ignoring event 'pageshow' because document has an invalid readyState of 'uninitialized'.
1666579169721	Marionette	WARN	Ignoring event 'DOMContentLoaded' because document has an invalid readyState of 'complete'.
JavaScript warning: https://www.dell.com/SK_yPBlV0/O/n/XggXYbMblkcFz6yU/N3z1JQrhY3ip/SQgqJ1wMBA/MmB2/AVMGFxQB, line 1: unreachable code after return statement
JavaScript warning: https://www.dell.com/SK_yPBlV0/O/n/XggXYbMblkcFz6yU/N3z1JQrhY3ip/SQgqJ1wMBA/MmB2/AVMGFxQB, line 1: WEBGL_debug_renderer_info is deprecated in Firefox and will be removed. Please use RENDERER.
JavaScript warning: https://www.dell.com/SK_yPBlV0/O/n/XggXYbMblkcFz6yU/N3z1JQrhY3ip/SQgqJ1wMBA/MmB2/AVMGFxQB, line 1: WEBGL_debug_renderer_info is deprecated in Firefox and will be removed. Please use RENDERER.
JavaScript warning: https://afcs.dellcdn.com/gbx/prod/GBX_6.6.62.js, line 7: asm.js type error: cannot create array view without an asm.js heap parameter
1666579178238	Marionette	WARN	Ignoring event 'DOMContentLoaded' because document has an invalid readyState of 'complete'.
JavaScript warning: https://www.dell.com/SK_yPBlV0/O/n/XggXYbMblkcFz6yU/N3z1JQrhY3ip/SQgqJ1wMBA/MmB2/AVMGFxQB, line 1: unreachable code after return statement
JavaScript warning: https://www.dell.com/SK_yPBlV0/O/n/XggXYbMblkcFz6yU/N3z1JQrhY3ip/SQgqJ1wMBA/MmB2/AVMGFxQB, line 1: WEBGL_debug_renderer_info is deprecated in Firefox and will be removed. Please use RENDERER.
JavaScript warning: https://afcs.dellcdn.com/gbx/prod/GBX_6.6.62.js, line 7: asm.js type error: cannot create array view without an asm.js heap parameter
JavaScript warning: https://www.dell.com/SK_yPBlV0/O/n/XggXYbMblkcFz6yU/N3z1JQrhY3ip/SQgqJ1wMBA/MmB2/AVMGFxQB, line 1: WEBGL_debug_renderer_info is deprecated in Firefox and will be removed. Please use RENDERER.
JavaScript warning: https://pagead2.googlesyndication.com/bg/gCRIKOWNSb5IUDc5H65fq3HhyX6JbrBsmszYwBj9iG8.js line 2 > eval line 4949 > eval line 1 > eval line 1 > eval, line 1: WEBGL_debug_renderer_info is deprecated in Firefox and will be removed. Please use RENDERER.
1666579193652	Marionette	WARN	Ignoring event 'pageshow' because document has an invalid readyState of 'uninitialized'.
1666579218808	Marionette	WARN	Ignoring event 'pageshow' because document has an invalid readyState of 'uninitialized'.
JavaScript warning: https://pagead2.googlesyndication.com/bg/gCRIKOWNSb5IUDc5H65fq3HhyX6JbrBsmszYwBj9iG8.js line 2 > eval line 5722 > eval line 1 > eval line 1 > eval, line 1: WEBGL_debug_renderer_info is deprecated in Firefox and will be removed. Please use RENDERER.
1666579225362	Marionette	WARN	Ignoring event 'pageshow' because document has an invalid readyState of 'uninitialized'.
1666579225364	Marionette	WARN	Ignoring event 'pageshow' because document has an invalid readyState of 'uninitialized'.
1666579225365	Marionette	WARN	Ignoring event 'pageshow' because document has an invalid readyState of 'uninitialized'.
1666579229750	Marionette	WARN	Ignoring event 'pageshow' because document has an invalid readyState of 'uninitialized'.
1666579236544	Marionette	WARN	Ignoring event 'pageshow' because document has an invalid readyState of 'uninitialized'.
JavaScript error: https://www.google.com/sorry/index?continue=https://www.google.com/search%3Fq%3Dsite:billing.staging.office365.dell.com%2520ext:php%2520intitle:phpinfo%2520%2522published%2520by%2520the%2520PHP%2520Group%2522&q=EgRvdyxaGIz315oGIhAuuWL0eKBEHNQvnCgrNZ9aMgFy, line 1: SyntaxError: expected expression, got ','
console.warn: LoginRecipes: "getRecipes: falling back to a synchronous message for:" "https://www.google.com"
1666579372208	Marionette	WARN	Ignoring event 'pageshow' because document has an invalid readyState of 'uninitialized'.
JavaScript warning: https://pagead2.googlesyndication.com/bg/gCRIKOWNSb5IUDc5H65fq3HhyX6JbrBsmszYwBj9iG8.js line 2 > eval line 371 > eval line 1 > eval line 1 > eval, line 1: WEBGL_debug_renderer_info is deprecated in Firefox and will be removed. Please use RENDERER.
JavaScript error: https://www.google.com/sorry/index?continue=https://www.google.com/search%3Fq%3Dsite:edutubedev.dell.com%2520ext:php%2520intitle:phpinfo%2520%2522published%2520by%2520the%2520PHP%2520Group%2522&q=EgRvdyxaGP7315oGIhBQmlimZissz0tMQXE2gYIFMgFy, line 1: SyntaxError: expected expression, got ','
console.warn: LoginRecipes: "getRecipes: falling back to a synchronous message for:" "https://www.google.com"
JavaScript error: https://www.google.com/sorry/index?continue=https://www.google.com/search%3Fq%3Dinurl:gitlab%2520saplicenselink-nonprod.dell.com&q=EgRvdyxaGMr415oGIhDcfeQoL9PSkIQhagLTyozFMgFy, line 1: SyntaxError: expected expression, got ','
console.warn: LoginRecipes: "getRecipes: falling back to a synchronous message for:" "https://www.google.com"
JavaScript error: https://www.google.com/sorry/index?continue=https://www.google.com/search%3Fq%3Dsite:outlet.us.dell.com%2520intext:%2522sql%2520syntax%2520near%2522%2520%7C%2520intext:%2522syntax%2520error%2520has%2520occurred%2522%2520%7C%2520intext:%2522incorrect%2520syntax%2520near%2522%2520%7C%2520intext:%2522unexpected%2520end%2520of%2520SQL%2520command%2522%2520%7C%2520intext:%2522Warning:%2520mysql_connect()%2522%2520%7C%2520intext:%2522Warning:%2520mysql_query()%2522%2520%7C%2520intext:%2522Warning:%2520pg_connect()%2522&q=EgRvdyxaGJn515oGIhA3D_Wb04q7GLSqiUmyTKjFMgFy, line 1: SyntaxError: expected expression, got ','
console.warn: LoginRecipes: "getRecipes: falling back to a synchronous message for:" "https://www.google.com"
1666579661770	Marionette	WARN	Ignoring event 'DOMContentLoaded' because document has an invalid readyState of 'complete'.
JavaScript warning: https://afcs.dellcdn.com/gbx/prod/GBX_6.6.62.js, line 7: asm.js type error: cannot create array view without an asm.js heap parameter
JavaScript error: https://www.google.com/sorry/index?continue=https://www.google.com/search%3Fq%3D%2520site:outlet.us.dell.com%2520inurl:wp%2522:%2522content%2520%7C%2520inurl:wp%2522:%2522includes%2522&q=EgRvdyxaGPz515oGIhDA7ZJDTi25S_8_FgWtdY1hMgFy, line 1: SyntaxError: expected expression, got ','
console.warn: LoginRecipes: "getRecipes: falling back to a synchronous message for:" "https://www.google.com"
JavaScript error: https://www.google.com/sorry/index?continue=https://www.google.com/search%3Fq%3Dsite:pc103gw-myconnect.dell.com%2520ext:action%2520%7C%2520ext:struts%2520%7C%2520ext:do&q=EgRvdyxaGMP615oGIhD8d0fxsmZE9mGJZ8pYjziLMgFy, line 1: SyntaxError: expected expression, got ','
console.warn: LoginRecipes: "getRecipes: falling back to a synchronous message for:" "https://www.google.com"
JavaScript error: https://www.google.com/sorry/index?continue=https://www.google.com/search%3Fq%3Dsite:ja.community.dell.com%2520ext:doc%2520%7C%2520ext:docx%2520%7C%2520ext:odt%2520%7C%2520ext:pdf%2520%7C%2520ext:rtf%2520%7C%2520ext:sxw%2520%7C%2520ext:psw%2520%7C%2520ext:ppt%2520%7C%2520ext:pptx%2520%7C%2520ext:pps%2520%7C%2520ext:csv&q=EgRvdyxaGIz715oGIhCEYYce0FE5_YeZJR_jp03bMgFy, line 1: SyntaxError: expected expression, got ','
console.warn: LoginRecipes: "getRecipes: falling back to a synchronous message for:" "https://www.google.com"
JavaScript warning: https://www.dell.com/SK_yPBlV0/O/n/XggXYbMblkcFz6yU/N3z1JQrhY3ip/SQgqJ1wMBA/MmB2/AVMGFxQB, line 1: unreachable code after return statement
JavaScript warning: https://www.dell.com/SK_yPBlV0/O/n/XggXYbMblkcFz6yU/N3z1JQrhY3ip/SQgqJ1wMBA/MmB2/AVMGFxQB, line 1: WEBGL_debug_renderer_info is deprecated in Firefox and will be removed. Please use RENDERER.
JavaScript warning: https://www.dell.com/SK_yPBlV0/O/n/XggXYbMblkcFz6yU/N3z1JQrhY3ip/SQgqJ1wMBA/MmB2/AVMGFxQB, line 1: WEBGL_debug_renderer_info is deprecated in Firefox and will be removed. Please use RENDERER.
JavaScript warning: https://afcs.dellcdn.com/gbx/prod/GBX_6.6.62.js, line 7: asm.js type error: cannot create array view without an asm.js heap parameter
JavaScript warning: https://www.dell.com/SK_yPBlV0/O/n/XggXYbMblkcFz6yU/N3z1JQrhY3ip/SQgqJ1wMBA/MmB2/AVMGFxQB, line 1: unreachable code after return statement
JavaScript warning: https://www.dell.com/SK_yPBlV0/O/n/XggXYbMblkcFz6yU/N3z1JQrhY3ip/SQgqJ1wMBA/MmB2/AVMGFxQB, line 1: WEBGL_debug_renderer_info is deprecated in Firefox and will be removed. Please use RENDERER.
JavaScript warning: https://www.dell.com/SK_yPBlV0/O/n/XggXYbMblkcFz6yU/N3z1JQrhY3ip/SQgqJ1wMBA/MmB2/AVMGFxQB, line 1: WEBGL_debug_renderer_info is deprecated in Firefox and will be removed. Please use RENDERER.
1666579903018	Marionette	WARN	Ignoring event 'DOMContentLoaded' because document has an invalid readyState of 'complete'.
JavaScript warning: https://www.dell.com/SK_yPBlV0/O/n/XggXYbMblkcFz6yU/N3z1JQrhY3ip/SQgqJ1wMBA/MmB2/AVMGFxQB, line 1: unreachable code after return statement
JavaScript warning: https://www.dell.com/SK_yPBlV0/O/n/XggXYbMblkcFz6yU/N3z1JQrhY3ip/SQgqJ1wMBA/MmB2/AVMGFxQB, line 1: WEBGL_debug_renderer_info is deprecated in Firefox and will be removed. Please use RENDERER.
JavaScript warning: https://www.dell.com/SK_yPBlV0/O/n/XggXYbMblkcFz6yU/N3z1JQrhY3ip/SQgqJ1wMBA/MmB2/AVMGFxQB, line 1: WEBGL_debug_renderer_info is deprecated in Firefox and will be removed. Please use RENDERER.
JavaScript warning: https://afcs.dellcdn.com/boomerang/latest/boomerang-nonspaWithClicks.min.js, line 11: Script terminated by timeout at:
frame@https://afcs.dellcdn.com/boomerang/latest/boomerang-nonspaWithClicks.min.js:11:47712

JavaScript warning: https://www.google.com/xjs/_/js/k=xjs.s.en_GB.zRnznYWrMfU.O/am=ggBQQcAe8QIMkAEAyA-gAAAAACCAAgAwByD4_wQAAqgJYmCAMgkgBAAEpvwDEAAgAwAggB8CEAAAAMBHwgcAzhwAAAws4QIAAAAAAAAAULAlCAYukAgIAAQAAAAAAFCqNNH6zBUAAQ/d=1/ed=1/dg=2/rs=ACT90oF13wQNZFjept-qW8aLVZXe3dqE3w/m=attn,cdos,cr,dpf,hsm,jsa,d,csi, line 699: Script terminated by timeout at:
s_Aj@https://www.google.com/xjs/_/js/k=xjs.s.en_GB.zRnznYWrMfU.O/am=ggBQQcAe8QIMkAEAyA-gAAAAACCAAgAwByD4_wQAAqgJYmCAMgkgBAAEpvwDEAAgAwAggB8CEAAAAMBHwgcAzhwAAAws4QIAAAAAAAAAULAlCAYukAgIAAQAAAAAAFCqNNH6zBUAAQ/d=1/ed=1/dg=2/rs=ACT90oF13wQNZFjept-qW8aLVZXe3dqE3w/m=attn,cdos,cr,dpf,hsm,jsa,d,csi:699:373
s_Epo@https://www.google.com/xjs/_/js/k=xjs.s.en_GB.zRnznYWrMfU.O/am=ggBQQcAe8QIMkAEAyA-gAAAAACCAAgAwByD4_wQAAqgJYmCAMgkgBAAEpvwDEAAgAwAggB8CEAAAAMBHwgcAzhwAAAws4QIAAAAAAAAAULAlCAYukAgIAAQAAAAAAFCqNNH6zBUAAQ/d=1/ed=1/dg=2/rs=ACT90oF13wQNZFjept-qW8aLVZXe3dqE3w/m=attn,cdos,cr,dpf,hsm,jsa,d,csi:2473:32
s_nqo@https://www.google.com/xjs/_/js/k=xjs.s.en_GB.zRnznYWrMfU.O/am=ggBQQcAe8QIMkAEAyA-gAAAAACCAAgAwByD4_wQAAqgJYmCAMgkgBAAEpvwDEAAgAwAggB8CEAAAAMBHwgcAzhwAAAws4QIAAAAAAAAAULAlCAYukAgIAAQAAAAAAFCqNNH6zBUAAQ/d=1/ed=1/dg=2/rs=ACT90oF13wQNZFjept-qW8aLVZXe3dqE3w/m=attn,cdos,cr,dpf,hsm,jsa,d,csi:2515:253
s_lqo.prototype.Na@https://www.google.com/xjs/_/js/k=xjs.s.en_GB.zRnznYWrMfU.O/am=ggBQQcAe8QIMkAEAyA-gAAAAACCAAgAwByD4_wQAAqgJYmCAMgkgBAAEpvwDEAAgAwAggB8CEAAAAMBHwgcAzhwAAAws4QIAAAAAAAAAULAlCAYukAgIAAQAAAAAAFCqNNH6zBUAAQ/d=1/ed=1/dg=2/rs=ACT90oF13wQNZFjept-qW8aLVZXe3dqE3w/m=attn,cdos,cr,dpf,hsm,jsa,d,csi:2516:362
s_.OOa@https://www.google.com/xjs/_/js/k=xjs.s.en_GB.zRnznYWrMfU.O/am=ggBQQcAe8QIMkAEAyA-gAAAAACCAAgAwByD4_wQAAqgJYmCAMgkgBAAEpvwDEAAgAwAggB8CEAAAAMBHwgcAzhwAAAws4QIAAAAAAAAAULAlCAYukAgIAAQAAAAAAFCqNNH6zBUAAQ/d=1/ed=1/dg=2/rs=ACT90oF13wQNZFjept-qW8aLVZXe3dqE3w/m=attn,cdos,cr,dpf,hsm,jsa,d,csi:350:216
s_.dispatchEvent@https://www.google.com/xjs/_/js/k=xjs.s.en_GB.zRnznYWrMfU.O/am=ggBQQcAe8QIMkAEAyA-gAAAAACCAAgAwByD4_wQAAqgJYmCAMgkgBAAEpvwDEAAgAwAggB8CEAAAAMBHwgcAzhwAAAws4QIAAAAAAAAAULAlCAYukAgIAAQAAAAAAFCqNNH6zBUAAQ/d=1/ed=1/dg=2/rs=ACT90oF13wQNZFjept-qW8aLVZXe3dqE3w/m=attn,cdos,cr,dpf,hsm,jsa,d,csi:348:388
s_Opo@https://www.google.com/xjs/_/js/k=xjs.s.en_GB.zRnznYWrMfU.O/am=ggBQQcAe8QIMkAEAyA-gAAAAACCAAgAwByD4_wQAAqgJYmCAMgkgBAAEpvwDEAAgAwAggB8CEAAAAMBHwgcAzhwAAAws4QIAAAAAAAAAULAlCAYukAgIAAQAAAAAAFCqNNH6zBUAAQ/d=1/ed=1/dg=2/rs=ACT90oF13wQNZFjept-qW8aLVZXe3dqE3w/m=attn,cdos,cr,dpf,hsm,jsa,d,csi:2480:497
s_tqo/<@https://www.google.com/xjs/_/js/k=xjs.s.en_GB.zRnznYWrMfU.O/am=ggBQQcAe8QIMkAEAyA-gAAAAACCAAgAwByD4_wQAAqgJYmCAMgkgBAAEpvwDEAAgAwAggB8CEAAAAMBHwgcAzhwAAAws4QIAAAAAAAAAULAlCAYukAgIAAQAAAAAAFCqNNH6zBUAAQ/d=1/ed=1/dg=2/rs=ACT90oF13wQNZFjept-qW8aLVZXe3dqE3w/m=attn,cdos,cr,dpf,hsm,jsa,d,csi:2524:246
s_lna@https://www.google.com/xjs/_/js/k=xjs.s.en_GB.zRnznYWrMfU.O/am=ggBQQcAe8QIMkAEAyA-gAAAAACCAAgAwByD4_wQAAqgJYmCAMgkgBAAEpvwDEAAgAwAggB8CEAAAAMBHwgcAzhwAAAws4QIAAAAAAAAAULAlCAYukAgIAAQAAAAAAFCqNNH6zBUAAQ/d=1/ed=1/dg=2/rs=ACT90oF13wQNZFjept-qW8aLVZXe3dqE3w/m=attn,cdos,cr,dpf,hsm,jsa,d,csi:345:214
s_ina@https://www.google.com/xjs/_/js/k=xjs.s.en_GB.zRnznYWrMfU.O/am=ggBQQcAe8QIMkAEAyA-gAAAAACCAAgAwByD4_wQAAqgJYmCAMgkgBAAEpvwDEAAgAwAggB8CEAAAAMBHwgcAzhwAAAws4QIAAAAAAAAAULAlCAYukAgIAAQAAAAAAFCqNNH6zBUAAQ/d=1/ed=1/dg=2/rs=ACT90oF13wQNZFjept-qW8aLVZXe3dqE3w/m=attn,cdos,cr,dpf,hsm,jsa,d,csi:345:265
b@https://www.google.com/xjs/_/js/k=xjs.s.en_GB.zRnznYWrMfU.O/am=ggBQQcAe8QIMkAEAyA-gAAAAACCAAgAwByD4_wQAAqgJYmCAMgkgBAAEpvwDEAAgAwAggB8CEAAAAMBHwgcAzhwAAAws4QIAAAAAAAAAULAlCAYukAgIAAQAAAAAAFCqNNH6zBUAAQ/d=1/ed=1/dg=2/rs=ACT90oF13wQNZFjept-qW8aLVZXe3dqE3w/m=attn,cdos,cr,dpf,hsm,jsa,d,csi:342:272

JavaScript warning: https://www.dell.com/SK_yPBlV0/O/n/XggXYbMblkcFz6yU/N3z1JQrhY3ip/SQgqJ1wMBA/MmB2/AVMGFxQB, line 1: unreachable code after return statement
JavaScript warning: https://www.dell.com/SK_yPBlV0/O/n/XggXYbMblkcFz6yU/N3z1JQrhY3ip/SQgqJ1wMBA/MmB2/AVMGFxQB, line 1: WEBGL_debug_renderer_info is deprecated in Firefox and will be removed. Please use RENDERER.
JavaScript warning: https://www.dell.com/SK_yPBlV0/O/n/XggXYbMblkcFz6yU/N3z1JQrhY3ip/SQgqJ1wMBA/MmB2/AVMGFxQB, line 1: WEBGL_debug_renderer_info is deprecated in Firefox and will be removed. Please use RENDERER.
1666579970380	Marionette	WARN	Ignoring event 'DOMContentLoaded' because document has an invalid readyState of 'complete'.
JavaScript warning: https://www.dell.com/SK_yPBlV0/O/n/XggXYbMblkcFz6yU/N3z1JQrhY3ip/SQgqJ1wMBA/MmB2/AVMGFxQB, line 1: unreachable code after return statement
JavaScript warning: https://www.dell.com/SK_yPBlV0/O/n/XggXYbMblkcFz6yU/N3z1JQrhY3ip/SQgqJ1wMBA/MmB2/AVMGFxQB, line 1: WEBGL_debug_renderer_info is deprecated in Firefox and will be removed. Please use RENDERER.
JavaScript warning: https://www.dell.com/SK_yPBlV0/O/n/XggXYbMblkcFz6yU/N3z1JQrhY3ip/SQgqJ1wMBA/MmB2/AVMGFxQB, line 1: WEBGL_debug_renderer_info is deprecated in Firefox and will be removed. Please use RENDERER.
JavaScript warning: https://www.dell.com/SK_yPBlV0/O/n/XggXYbMblkcFz6yU/N3z1JQrhY3ip/SQgqJ1wMBA/MmB2/AVMGFxQB, line 1: unreachable code after return statement
JavaScript warning: https://www.dell.com/SK_yPBlV0/O/n/XggXYbMblkcFz6yU/N3z1JQrhY3ip/SQgqJ1wMBA/MmB2/AVMGFxQB, line 1: WEBGL_debug_renderer_info is deprecated in Firefox and will be removed. Please use RENDERER.
JavaScript warning: https://www.dell.com/SK_yPBlV0/O/n/XggXYbMblkcFz6yU/N3z1JQrhY3ip/SQgqJ1wMBA/MmB2/AVMGFxQB, line 1: WEBGL_debug_renderer_info is deprecated in Firefox and will be removed. Please use RENDERER.
JavaScript warning: https://www.dell.com/SK_yPBlV0/O/n/XggXYbMblkcFz6yU/N3z1JQrhY3ip/SQgqJ1wMBA/MmB2/AVMGFxQB, line 1: unreachable code after return statement
JavaScript warning: https://www.dell.com/SK_yPBlV0/O/n/XggXYbMblkcFz6yU/N3z1JQrhY3ip/SQgqJ1wMBA/MmB2/AVMGFxQB, line 1: WEBGL_debug_renderer_info is deprecated in Firefox and will be removed. Please use RENDERER.
JavaScript warning: https://www.dell.com/SK_yPBlV0/O/n/XggXYbMblkcFz6yU/N3z1JQrhY3ip/SQgqJ1wMBA/MmB2/AVMGFxQB, line 1: WEBGL_debug_renderer_info is deprecated in Firefox and will be removed. Please use RENDERER.
1666580014080	Marionette	WARN	Ignoring event 'DOMContentLoaded' because document has an invalid readyState of 'complete'.
console.error: (new TypeError("currentNode is null", "resource://devtools/client/inspector/shared/style-change-tracker.js", 66))
TypeError: currentNode is null: canMutationImpactCurrentStyles@resource://devtools/client/inspector/shared/style-change-tracker.js:66:20
onMutations@resource://devtools/client/inspector/shared/style-change-tracker.js:84:41
_emit@resource://devtools/shared/event-emitter.js:242:32
emit@resource://devtools/shared/event-emitter.js:186:18
emit@resource://devtools/shared/event-emitter.js:330:18
getMutations@resource://devtools/client/fronts/walker.js:312:10

1666580076852	Marionette	WARN	Ignoring event 'DOMContentLoaded' because document has an invalid readyState of 'complete'.
JavaScript warning: https://www.dell.com/SK_yPBlV0/O/n/XggXYbMblkcFz6yU/N3z1JQrhY3ip/SQgqJ1wMBA/MmB2/AVMGFxQB, line 1: unreachable code after return statement
JavaScript warning: https://www.dell.com/SK_yPBlV0/O/n/XggXYbMblkcFz6yU/N3z1JQrhY3ip/SQgqJ1wMBA/MmB2/AVMGFxQB, line 1: WEBGL_debug_renderer_info is deprecated in Firefox and will be removed. Please use RENDERER.
JavaScript warning: https://www.dell.com/SK_yPBlV0/O/n/XggXYbMblkcFz6yU/N3z1JQrhY3ip/SQgqJ1wMBA/MmB2/AVMGFxQB, line 1: WEBGL_debug_renderer_info is deprecated in Firefox and will be removed. Please use RENDERER.
console.error: "Failed to start [root-node] legacy listener for target null" (new Error("Connection closed, pending request to server0.conn0.windowGlobal238370684931/domwalker21, type watchRootNode failed\n\nRequest stack:\nrequest@resource://devtools/shared/protocol/Front.js:292:14\ngenerateRequestMethods/</frontProto[name]@resource://devtools/shared/protocol/Front/FrontClassWithSpec.js:46:19\nmodule.exports@resource://devtools/shared/commands/resource/legacy-listeners/root-node.js:60:31\n", "resource://devtools/shared/protocol/Front.js", 106))
console.error: "Failed to start [root-node] legacy listener for target null" (new Error("Connection closed, pending request to server0.conn0.windowGlobal238370684934/domwalker21, type watchRootNode failed\n\nRequest stack:\nrequest@resource://devtools/shared/protocol/Front.js:292:14\ngenerateRequestMethods/</frontProto[name]@resource://devtools/shared/protocol/Front/FrontClassWithSpec.js:46:19\nmodule.exports@resource://devtools/shared/commands/resource/legacy-listeners/root-node.js:60:31\n", "resource://devtools/shared/protocol/Front.js", 106))
console.error: "Unable to find target with innerWindowId:238370684932"
console.error: "Failed to start [root-node] legacy listener for target null" (new Error("Connection closed, pending request to server0.conn0.windowGlobal238370684937/domwalker21, type watchRootNode failed\n\nRequest stack:\nrequest@resource://devtools/shared/protocol/Front.js:292:14\ngenerateRequestMethods/</frontProto[name]@resource://devtools/shared/protocol/Front/FrontClassWithSpec.js:46:19\nmodule.exports@resource://devtools/shared/commands/resource/legacy-listeners/root-node.js:60:31\n", "resource://devtools/shared/protocol/Front.js", 106))
console.error: "Failed to start [root-node] legacy listener for target null" (new Error("Connection closed, pending request to server0.conn0.windowGlobal238370684940/domwalker21, type watchRootNode failed\n\nRequest stack:\nrequest@resource://devtools/shared/protocol/Front.js:292:14\ngenerateRequestMethods/</frontProto[name]@resource://devtools/shared/protocol/Front/FrontClassWithSpec.js:46:19\nmodule.exports@resource://devtools/shared/commands/resource/legacy-listeners/root-node.js:60:31\n", "resource://devtools/shared/protocol/Front.js", 106))
JavaScript error: resource://devtools/client/framework/toolbox.js, line 3367: TypeError: data.frameData.id is null
JavaScript error: resource://devtools/client/framework/toolbox.js, line 3367: TypeError: data.frameData.id is null
JavaScript error: resource://devtools/client/framework/toolbox.js, line 3367: TypeError: data.frameData.id is null
console.error: "Failed to start [root-node] legacy listener for target null" (new Error("Connection closed, pending request to server0.conn0.windowGlobal238370684952/domwalker21, type watchRootNode failed\n\nRequest stack:\nrequest@resource://devtools/shared/protocol/Front.js:292:14\ngenerateRequestMethods/</frontProto[name]@resource://devtools/shared/protocol/Front/FrontClassWithSpec.js:46:19\nmodule.exports@resource://devtools/shared/commands/resource/legacy-listeners/root-node.js:60:31\n", "resource://devtools/shared/protocol/Front.js", 106))
console.error: "Unable to find target with innerWindowId:238370684950"
console.error: "Error while calling actor 'domwalker's method 'getEmbedderElement'" "Component returned failure code: 0x80004005 (NS_ERROR_FAILURE) [inIDeepTreeWalker.currentNode]"
console.error: ({})
console.warn: "Error while destroying front:" "inspector" (new Error("Protocol error (NS_ERROR_FAILURE): Component returned failure code: 0x80004005 (NS_ERROR_FAILURE) [inIDeepTreeWalker.currentNode] from: server0.conn0.windowGlobal238370684953/domwalker31 (resource://devtools/server/actors/inspector/document-walker.js:79:0)", "resource://devtools/shared/protocol/Front.js", 365))
console.error: "Failed to start [root-node] legacy listener for target null" (new Error("Protocol error (NS_ERROR_FAILURE): Component returned failure code: 0x80004005 (NS_ERROR_FAILURE) [inIDeepTreeWalker.currentNode] from: server0.conn0.windowGlobal238370684953/domwalker31 (resource://devtools/server/actors/inspector/document-walker.js:79:0)", "resource://devtools/shared/protocol/Front.js", 365))
JavaScript error: resource://devtools/shared/protocol/Front.js, line 365: Error: Protocol error (NS_ERROR_FAILURE): Component returned failure code: 0x80004005 (NS_ERROR_FAILURE) [inIDeepTreeWalker.currentNode] from: server0.conn0.windowGlobal238370684953/domwalker31 (resource://devtools/server/actors/inspector/document-walker.js:79:0)
JavaScript error: resource://devtools/client/framework/toolbox.js, line 3367: TypeError: data.frameData.id is null
JavaScript error: resource://devtools/client/framework/toolbox.js, line 3367: TypeError: data.frameData.id is null
console.error: "Failed to start [root-node] legacy listener for target null" (new Error("Connection closed, pending request to server0.conn0.windowGlobal238370684964/domwalker21, type watchRootNode failed\n\nRequest stack:\nrequest@resource://devtools/shared/protocol/Front.js:292:14\ngenerateRequestMethods/</frontProto[name]@resource://devtools/shared/protocol/Front/FrontClassWithSpec.js:46:19\nmodule.exports@resource://devtools/shared/commands/resource/legacy-listeners/root-node.js:60:31\n", "resource://devtools/shared/protocol/Front.js", 106))
console.warn: "Error while destroying front:" "inspector" (new Error("Connection closed, pending request to server0.conn0.windowGlobal238370684966/inspectorActor4, type getWalker failed\n\nRequest stack:\nrequest@resource://devtools/shared/protocol/Front.js:292:14\ngenerateRequestMethods/</frontProto[name]@resource://devtools/shared/protocol/Front/FrontClassWithSpec.js:46:19\n_getWalker@resource://devtools/client/fronts/inspector.js:90:30\ninitialize@resource://devtools/client/fronts/inspector.js:79:12\n", "resource://devtools/shared/protocol/Front.js", 106))
console.error: "Failed to start [root-node] legacy listener for target null" (new Error("Connection closed, pending request to server0.conn0.windowGlobal238370684966/inspectorActor4, type getWalker failed\n\nRequest stack:\nrequest@resource://devtools/shared/protocol/Front.js:292:14\ngenerateRequestMethods/</frontProto[name]@resource://devtools/shared/protocol/Front/FrontClassWithSpec.js:46:19\n_getWalker@resource://devtools/client/fronts/inspector.js:90:30\ninitialize@resource://devtools/client/fronts/inspector.js:79:12\n", "resource://devtools/shared/protocol/Front.js", 106))
JavaScript error: resource://devtools/shared/protocol/Front.js, line 106: Error: Connection closed, pending request to server0.conn0.windowGlobal238370684966/inspectorActor4, type getWalker failed

Request stack:
request@resource://devtools/shared/protocol/Front.js:292:14
generateRequestMethods/</frontProto[name]@resource://devtools/shared/protocol/Front/FrontClassWithSpec.js:46:19
_getWalker@resource://devtools/client/fronts/inspector.js:90:30
initialize@resource://devtools/client/fronts/inspector.js:79:12

console.error: (new TypeError("currentNode is null", "resource://devtools/client/inspector/shared/style-change-tracker.js", 66))
TypeError: currentNode is null: canMutationImpactCurrentStyles@resource://devtools/client/inspector/shared/style-change-tracker.js:66:20
onMutations@resource://devtools/client/inspector/shared/style-change-tracker.js:84:41
_emit@resource://devtools/shared/event-emitter.js:242:32
emit@resource://devtools/shared/event-emitter.js:186:18
emit@resource://devtools/shared/event-emitter.js:330:18
getMutations@resource://devtools/client/fronts/walker.js:312:10

console.error: (new TypeError("currentNode is null", "resource://devtools/client/inspector/shared/style-change-tracker.js", 66))
TypeError: currentNode is null: canMutationImpactCurrentStyles@resource://devtools/client/inspector/shared/style-change-tracker.js:66:20
onMutations@resource://devtools/client/inspector/shared/style-change-tracker.js:84:41
_emit@resource://devtools/shared/event-emitter.js:242:32
emit@resource://devtools/shared/event-emitter.js:186:18
emit@resource://devtools/shared/event-emitter.js:330:18
getMutations@resource://devtools/client/fronts/walker.js:312:10

console.error: (new TypeError("currentNode is null", "resource://devtools/client/inspector/shared/style-change-tracker.js", 66))
TypeError: currentNode is null: canMutationImpactCurrentStyles@resource://devtools/client/inspector/shared/style-change-tracker.js:66:20
onMutations@resource://devtools/client/inspector/shared/style-change-tracker.js:84:41
_emit@resource://devtools/shared/event-emitter.js:242:32
emit@resource://devtools/shared/event-emitter.js:186:18
emit@resource://devtools/shared/event-emitter.js:330:18
getMutations@resource://devtools/client/fronts/walker.js:312:10

console.warn: LoginRecipes: "getRecipes: falling back to a synchronous message for:" "https://dl.dell.com"
console.error: (new TypeError("currentNode is null", "resource://devtools/client/inspector/shared/style-change-tracker.js", 66))
TypeError: currentNode is null: canMutationImpactCurrentStyles@resource://devtools/client/inspector/shared/style-change-tracker.js:66:20
onMutations@resource://devtools/client/inspector/shared/style-change-tracker.js:84:41
_emit@resource://devtools/shared/event-emitter.js:242:32
emit@resource://devtools/shared/event-emitter.js:186:18
emit@resource://devtools/shared/event-emitter.js:330:18
getMutations@resource://devtools/client/fronts/walker.js:312:10

console.error: (new TypeError("currentNode is null", "resource://devtools/client/inspector/shared/style-change-tracker.js", 66))
TypeError: currentNode is null: canMutationImpactCurrentStyles@resource://devtools/client/inspector/shared/style-change-tracker.js:66:20
onMutations@resource://devtools/client/inspector/shared/style-change-tracker.js:84:41
_emit@resource://devtools/shared/event-emitter.js:242:32
emit@resource://devtools/shared/event-emitter.js:186:18
emit@resource://devtools/shared/event-emitter.js:330:18
getMutations@resource://devtools/client/fronts/walker.js:312:10

console.error: (new TypeError("currentNode is null", "resource://devtools/client/inspector/shared/style-change-tracker.js", 66))
TypeError: currentNode is null: canMutationImpactCurrentStyles@resource://devtools/client/inspector/shared/style-change-tracker.js:66:20
onMutations@resource://devtools/client/inspector/shared/style-change-tracker.js:84:41
_emit@resource://devtools/shared/event-emitter.js:242:32
emit@resource://devtools/shared/event-emitter.js:186:18
emit@resource://devtools/shared/event-emitter.js:330:18
getMutations@resource://devtools/client/fronts/walker.js:312:10

console.error: (new TypeError("currentNode is null", "resource://devtools/client/inspector/shared/style-change-tracker.js", 66))
TypeError: currentNode is null: canMutationImpactCurrentStyles@resource://devtools/client/inspector/shared/style-change-tracker.js:66:20
onMutations@resource://devtools/client/inspector/shared/style-change-tracker.js:84:41
_emit@resource://devtools/shared/event-emitter.js:242:32
emit@resource://devtools/shared/event-emitter.js:186:18
emit@resource://devtools/shared/event-emitter.js:330:18
getMutations@resource://devtools/client/fronts/walker.js:312:10

console.error: (new TypeError("currentNode is null", "resource://devtools/client/inspector/shared/style-change-tracker.js", 66))
TypeError: currentNode is null: canMutationImpactCurrentStyles@resource://devtools/client/inspector/shared/style-change-tracker.js:66:20
onMutations@resource://devtools/client/inspector/shared/style-change-tracker.js:84:41
_emit@resource://devtools/shared/event-emitter.js:242:32
emit@resource://devtools/shared/event-emitter.js:186:18
emit@resource://devtools/shared/event-emitter.js:330:18
getMutations@resource://devtools/client/fronts/walker.js:312:10

console.warn: LoginRecipes: "getRecipes: falling back to a synchronous message for:" "https://dl.dell.com"
console.error: (new TypeError("currentNode is null", "resource://devtools/client/inspector/shared/style-change-tracker.js", 66))
TypeError: currentNode is null: canMutationImpactCurrentStyles@resource://devtools/client/inspector/shared/style-change-tracker.js:66:20
onMutations@resource://devtools/client/inspector/shared/style-change-tracker.js:84:41
_emit@resource://devtools/shared/event-emitter.js:242:32
emit@resource://devtools/shared/event-emitter.js:186:18
emit@resource://devtools/shared/event-emitter.js:330:18
getMutations@resource://devtools/client/fronts/walker.js:312:10

console.error: (new TypeError("currentNode is null", "resource://devtools/client/inspector/shared/style-change-tracker.js", 66))
TypeError: currentNode is null: canMutationImpactCurrentStyles@resource://devtools/client/inspector/shared/style-change-tracker.js:66:20
onMutations@resource://devtools/client/inspector/shared/style-change-tracker.js:84:41
_emit@resource://devtools/shared/event-emitter.js:242:32
emit@resource://devtools/shared/event-emitter.js:186:18
emit@resource://devtools/shared/event-emitter.js:330:18
getMutations@resource://devtools/client/fronts/walker.js:312:10

console.warn: LoginRecipes: "getRecipes: falling back to a synchronous message for:" "https://dl.dell.com"
console.warn: LoginRecipes: "getRecipes: falling back to a synchronous message for:" "https://dl.dell.com"
console.warn: LoginRecipes: "getRecipes: falling back to a synchronous message for:" "https://dl.dell.com"
console.error: "Error while calling actor 'domwalker's method 'getEmbedderElement'" "Component returned failure code: 0x80004005 (NS_ERROR_FAILURE) [inIDeepTreeWalker.currentNode]"
console.error: ({})
console.warn: "Error while destroying front:" "inspector" (new Error("Protocol error (NS_ERROR_FAILURE): Component returned failure code: 0x80004005 (NS_ERROR_FAILURE) [inIDeepTreeWalker.currentNode] from: server0.conn0.windowGlobal242665652225/domwalker31 (resource://devtools/server/actors/inspector/document-walker.js:79:0)", "resource://devtools/shared/protocol/Front.js", 365))
console.error: "Failed to start [root-node] legacy listener for target null" (new Error("Protocol error (NS_ERROR_FAILURE): Component returned failure code: 0x80004005 (NS_ERROR_FAILURE) [inIDeepTreeWalker.currentNode] from: server0.conn0.windowGlobal242665652225/domwalker31 (resource://devtools/server/actors/inspector/document-walker.js:79:0)", "resource://devtools/shared/protocol/Front.js", 365))
JavaScript error: resource://devtools/shared/protocol/Front.js, line 365: Error: Protocol error (NS_ERROR_FAILURE): Component returned failure code: 0x80004005 (NS_ERROR_FAILURE) [inIDeepTreeWalker.currentNode] from: server0.conn0.windowGlobal242665652225/domwalker31 (resource://devtools/server/actors/inspector/document-walker.js:79:0)
JavaScript error: https://www.google.com/sorry/index?continue=https://www.google.com/search%3Fq%3D%2520inurl:%2522/.git%2520%2522ja.community.dell.com%2520%2522:%2522github%2522&q=EgRvdyxaGKz915oGIhBKOhopuLMVVcqpFwUfqVm7MgFy, line 1: SyntaxError: expected expression, got ','
console.warn: LoginRecipes: "getRecipes: falling back to a synchronous message for:" "https://www.google.com"
console.error: (new TypeError("currentNode is null", "resource://devtools/client/inspector/shared/style-change-tracker.js", 66))
TypeError: currentNode is null: canMutationImpactCurrentStyles@resource://devtools/client/inspector/shared/style-change-tracker.js:66:20
onMutations@resource://devtools/client/inspector/shared/style-change-tracker.js:84:41
_emit@resource://devtools/shared/event-emitter.js:242:32
emit@resource://devtools/shared/event-emitter.js:186:18
emit@resource://devtools/shared/event-emitter.js:330:18
getMutations@resource://devtools/client/fronts/walker.js:312:10

console.error: (new TypeError("currentNode is null", "resource://devtools/client/inspector/shared/style-change-tracker.js", 66))
TypeError: currentNode is null: canMutationImpactCurrentStyles@resource://devtools/client/inspector/shared/style-change-tracker.js:66:20
onMutations@resource://devtools/client/inspector/shared/style-change-tracker.js:84:41
_emit@resource://devtools/shared/event-emitter.js:242:32
emit@resource://devtools/shared/event-emitter.js:186:18
emit@resource://devtools/shared/event-emitter.js:330:18
getMutations@resource://devtools/client/fronts/walker.js:312:10

console.warn: "Error while destroying front:" "inspector" (new Error("Connection closed, pending request to server0.conn0.windowGlobal242665652239/inspectorActor4, type getWalker failed\n\nRequest stack:\nrequest@resource://devtools/shared/protocol/Front.js:292:14\ngenerateRequestMethods/</frontProto[name]@resource://devtools/shared/protocol/Front/FrontClassWithSpec.js:46:19\n_getWalker@resource://devtools/client/fronts/inspector.js:90:30\ninitialize@resource://devtools/client/fronts/inspector.js:79:12\n", "resource://devtools/shared/protocol/Front.js", 106))
console.error: "Failed to start [root-node] legacy listener for target null" (new Error("Connection closed, pending request to server0.conn0.windowGlobal242665652239/inspectorActor4, type getWalker failed\n\nRequest stack:\nrequest@resource://devtools/shared/protocol/Front.js:292:14\ngenerateRequestMethods/</frontProto[name]@resource://devtools/shared/protocol/Front/FrontClassWithSpec.js:46:19\n_getWalker@resource://devtools/client/fronts/inspector.js:90:30\ninitialize@resource://devtools/client/fronts/inspector.js:79:12\n", "resource://devtools/shared/protocol/Front.js", 106))
JavaScript error: resource://devtools/shared/protocol/Front.js, line 106: Error: Connection closed, pending request to server0.conn0.windowGlobal242665652239/inspectorActor4, type getWalker failed

Request stack:
request@resource://devtools/shared/protocol/Front.js:292:14
generateRequestMethods/</frontProto[name]@resource://devtools/shared/protocol/Front/FrontClassWithSpec.js:46:19
_getWalker@resource://devtools/client/fronts/inspector.js:90:30
initialize@resource://devtools/client/fronts/inspector.js:79:12

JavaScript error: resource://devtools/client/framework/toolbox.js, line 3367: TypeError: data.frameData.id is null
JavaScript error: resource://devtools/client/framework/toolbox.js, line 3367: TypeError: data.frameData.id is null
console.error: "Failed to start [root-node] legacy listener for target null" (new Error("Connection closed, pending request to server0.conn0.windowGlobal242665652248/domwalker21, type watchRootNode failed\n\nRequest stack:\nrequest@resource://devtools/shared/protocol/Front.js:292:14\ngenerateRequestMethods/</frontProto[name]@resource://devtools/shared/protocol/Front/FrontClassWithSpec.js:46:19\nmodule.exports@resource://devtools/shared/commands/resource/legacy-listeners/root-node.js:60:31\n", "resource://devtools/shared/protocol/Front.js", 106))
JavaScript error: resource://devtools/client/framework/toolbox.js, line 3367: TypeError: data.frameData.id is null
console.error: "Error while calling actor 'domwalker's method 'getEmbedderElement'" "Component returned failure code: 0x80004005 (NS_ERROR_FAILURE) [inIDeepTreeWalker.currentNode]"
console.error: ({})
console.warn: "Error while destroying front:" "inspector" (new Error("Protocol error (NS_ERROR_FAILURE): Component returned failure code: 0x80004005 (NS_ERROR_FAILURE) [inIDeepTreeWalker.currentNode] from: server0.conn0.windowGlobal242665652252/domwalker32 (resource://devtools/server/actors/inspector/document-walker.js:79:0)", "resource://devtools/shared/protocol/Front.js", 365))
console.error: "Failed to start [root-node] legacy listener for target null" (new Error("Protocol error (NS_ERROR_FAILURE): Component returned failure code: 0x80004005 (NS_ERROR_FAILURE) [inIDeepTreeWalker.currentNode] from: server0.conn0.windowGlobal242665652252/domwalker32 (resource://devtools/server/actors/inspector/document-walker.js:79:0)", "resource://devtools/shared/protocol/Front.js", 365))
JavaScript error: resource://devtools/shared/protocol/Front.js, line 365: Error: Protocol error (NS_ERROR_FAILURE): Component returned failure code: 0x80004005 (NS_ERROR_FAILURE) [inIDeepTreeWalker.currentNode] from: server0.conn0.windowGlobal242665652252/domwalker32 (resource://devtools/server/actors/inspector/document-walker.js:79:0)
JavaScript error: resource://devtools/client/framework/toolbox.js, line 3367: TypeError: data.frameData.id is null
console.warn: "Error while destroying front:" "inspector" (new Error("Connection closed, pending request to server0.conn0.windowGlobal242665652260/inspectorActor4, type getWalker failed\n\nRequest stack:\nrequest@resource://devtools/shared/protocol/Front.js:292:14\ngenerateRequestMethods/</frontProto[name]@resource://devtools/shared/protocol/Front/FrontClassWithSpec.js:46:19\n_getWalker@resource://devtools/client/fronts/inspector.js:90:30\ninitialize@resource://devtools/client/fronts/inspector.js:79:12\n", "resource://devtools/shared/protocol/Front.js", 106))
console.error: "Failed to start [root-node] legacy listener for target null" (new Error("Connection closed, pending request to server0.conn0.windowGlobal242665652260/inspectorActor4, type getWalker failed\n\nRequest stack:\nrequest@resource://devtools/shared/protocol/Front.js:292:14\ngenerateRequestMethods/</frontProto[name]@resource://devtools/shared/protocol/Front/FrontClassWithSpec.js:46:19\n_getWalker@resource://devtools/client/fronts/inspector.js:90:30\ninitialize@resource://devtools/client/fronts/inspector.js:79:12\n", "resource://devtools/shared/protocol/Front.js", 106))
JavaScript error: resource://devtools/shared/protocol/Front.js, line 106: Error: Connection closed, pending request to server0.conn0.windowGlobal242665652260/inspectorActor4, type getWalker failed

Request stack:
request@resource://devtools/shared/protocol/Front.js:292:14
generateRequestMethods/</frontProto[name]@resource://devtools/shared/protocol/Front/FrontClassWithSpec.js:46:19
_getWalker@resource://devtools/client/fronts/inspector.js:90:30
initialize@resource://devtools/client/fronts/inspector.js:79:12

1666580181038	Marionette	WARN	Ignoring event 'DOMContentLoaded' because document has an invalid readyState of 'complete'.
console.error: "Error while calling actor 'domwalker's method 'getEmbedderElement'" "Component returned failure code: 0x80004005 (NS_ERROR_FAILURE) [inIDeepTreeWalker.currentNode]"
console.error: ({})
console.warn: "Error while destroying front:" "inspector" (new Error("Protocol error (NS_ERROR_FAILURE): Component returned failure code: 0x80004005 (NS_ERROR_FAILURE) [inIDeepTreeWalker.currentNode] from: server0.conn0.windowGlobal242665652261/domwalker32 (resource://devtools/server/actors/inspector/document-walker.js:79:0)", "resource://devtools/shared/protocol/Front.js", 365))
console.error: "Failed to start [root-node] legacy listener for target null" (new Error("Protocol error (NS_ERROR_FAILURE): Component returned failure code: 0x80004005 (NS_ERROR_FAILURE) [inIDeepTreeWalker.currentNode] from: server0.conn0.windowGlobal242665652261/domwalker32 (resource://devtools/server/actors/inspector/document-walker.js:79:0)", "resource://devtools/shared/protocol/Front.js", 365))
JavaScript error: resource://devtools/shared/protocol/Front.js, line 365: Error: Protocol error (NS_ERROR_FAILURE): Component returned failure code: 0x80004005 (NS_ERROR_FAILURE) [inIDeepTreeWalker.currentNode] from: server0.conn0.windowGlobal242665652261/domwalker32 (resource://devtools/server/actors/inspector/document-walker.js:79:0)
console.error: "Unable to find target with innerWindowId:242665652261"
console.error: "Failed to start [root-node] legacy listener for target null" (new Error("Connection closed, pending request to server0.conn0.windowGlobal242665652266/domwalker21, type watchRootNode failed\n\nRequest stack:\nrequest@resource://devtools/shared/protocol/Front.js:292:14\ngenerateRequestMethods/</frontProto[name]@resource://devtools/shared/protocol/Front/FrontClassWithSpec.js:46:19\nmodule.exports@resource://devtools/shared/commands/resource/legacy-listeners/root-node.js:60:31\n", "resource://devtools/shared/protocol/Front.js", 106))
console.error: "Unable to find target with innerWindowId:242665652264"
console.error: "Failed to start [root-node] legacy listener for target null" (new Error("Connection closed, pending request to server0.conn0.windowGlobal242665652269/domwalker21, type watchRootNode failed\n\nRequest stack:\nrequest@resource://devtools/shared/protocol/Front.js:292:14\ngenerateRequestMethods/</frontProto[name]@resource://devtools/shared/protocol/Front/FrontClassWithSpec.js:46:19\nmodule.exports@resource://devtools/shared/commands/resource/legacy-listeners/root-node.js:60:31\n", "resource://devtools/shared/protocol/Front.js", 106))
1666580185872	Marionette	WARN	Ignoring event 'DOMContentLoaded' because document has an invalid readyState of 'complete'.
console.warn: "Error while destroying front:" "inspector" (new Error("Connection closed, pending request to server0.conn0.windowGlobal242665652272/inspectorActor4, type getWalker failed\n\nRequest stack:\nrequest@resource://devtools/shared/protocol/Front.js:292:14\ngenerateRequestMethods/</frontProto[name]@resource://devtools/shared/protocol/Front/FrontClassWithSpec.js:46:19\n_getWalker@resource://devtools/client/fronts/inspector.js:90:30\ninitialize@resource://devtools/client/fronts/inspector.js:79:12\n", "resource://devtools/shared/protocol/Front.js", 106))
console.error: "Failed to start [root-node] legacy listener for target null" (new Error("Connection closed, pending request to server0.conn0.windowGlobal242665652272/inspectorActor4, type getWalker failed\n\nRequest stack:\nrequest@resource://devtools/shared/protocol/Front.js:292:14\ngenerateRequestMethods/</frontProto[name]@resource://devtools/shared/protocol/Front/FrontClassWithSpec.js:46:19\n_getWalker@resource://devtools/client/fronts/inspector.js:90:30\ninitialize@resource://devtools/client/fronts/inspector.js:79:12\n", "resource://devtools/shared/protocol/Front.js", 106))
JavaScript error: resource://devtools/shared/protocol/Front.js, line 106: Error: Connection closed, pending request to server0.conn0.windowGlobal242665652272/inspectorActor4, type getWalker failed

Request stack:
request@resource://devtools/shared/protocol/Front.js:292:14
generateRequestMethods/</frontProto[name]@resource://devtools/shared/protocol/Front/FrontClassWithSpec.js:46:19
_getWalker@resource://devtools/client/fronts/inspector.js:90:30
initialize@resource://devtools/client/fronts/inspector.js:79:12

console.error: (new TypeError("currentNode is null", "resource://devtools/client/inspector/shared/style-change-tracker.js", 66))
TypeError: currentNode is null: canMutationImpactCurrentStyles@resource://devtools/client/inspector/shared/style-change-tracker.js:66:20
onMutations@resource://devtools/client/inspector/shared/style-change-tracker.js:84:41
_emit@resource://devtools/shared/event-emitter.js:242:32
emit@resource://devtools/shared/event-emitter.js:186:18
emit@resource://devtools/shared/event-emitter.js:330:18
getMutations@resource://devtools/client/fronts/walker.js:312:10

console.error: (new TypeError("currentNode is null", "resource://devtools/client/inspector/shared/style-change-tracker.js", 66))
TypeError: currentNode is null: canMutationImpactCurrentStyles@resource://devtools/client/inspector/shared/style-change-tracker.js:66:20
onMutations@resource://devtools/client/inspector/shared/style-change-tracker.js:84:41
_emit@resource://devtools/shared/event-emitter.js:242:32
emit@resource://devtools/shared/event-emitter.js:186:18
emit@resource://devtools/shared/event-emitter.js:330:18
getMutations@resource://devtools/client/fronts/walker.js:312:10

console.error: "Error while calling actor 'domwalker's method 'getEmbedderElement'" "Component returned failure code: 0x80004005 (NS_ERROR_FAILURE) [inIDeepTreeWalker.currentNode]"
console.error: ({})
console.warn: "Error while destroying front:" "inspector" (new Error("Protocol error (NS_ERROR_FAILURE): Component returned failure code: 0x80004005 (NS_ERROR_FAILURE) [inIDeepTreeWalker.currentNode] from: server0.conn0.windowGlobal242665652274/domwalker32 (resource://devtools/server/actors/inspector/document-walker.js:79:0)", "resource://devtools/shared/protocol/Front.js", 365))
console.error: "Failed to start [root-node] legacy listener for target null" (new Error("Protocol error (NS_ERROR_FAILURE): Component returned failure code: 0x80004005 (NS_ERROR_FAILURE) [inIDeepTreeWalker.currentNode] from: server0.conn0.windowGlobal242665652274/domwalker32 (resource://devtools/server/actors/inspector/document-walker.js:79:0)", "resource://devtools/shared/protocol/Front.js", 365))
JavaScript error: resource://devtools/shared/protocol/Front.js, line 365: Error: Protocol error (NS_ERROR_FAILURE): Component returned failure code: 0x80004005 (NS_ERROR_FAILURE) [inIDeepTreeWalker.currentNode] from: server0.conn0.windowGlobal242665652274/domwalker32 (resource://devtools/server/actors/inspector/document-walker.js:79:0)
1666580190745	Marionette	WARN	Ignoring event 'DOMContentLoaded' because document has an invalid readyState of 'complete'.
console.error: "Error while calling actor 'domwalker's method 'getEmbedderElement'" "Component returned failure code: 0x80004005 (NS_ERROR_FAILURE) [inIDeepTreeWalker.currentNode]"
console.error: ({})
console.warn: "Error while destroying front:" "inspector" (new Error("Protocol error (NS_ERROR_FAILURE): Component returned failure code: 0x80004005 (NS_ERROR_FAILURE) [inIDeepTreeWalker.currentNode] from: server0.conn0.windowGlobal242665652277/domwalker32 (resource://devtools/server/actors/inspector/document-walker.js:79:0)", "resource://devtools/shared/protocol/Front.js", 365))
console.error: "Failed to start [root-node] legacy listener for target null" (new Error("Protocol error (NS_ERROR_FAILURE): Component returned failure code: 0x80004005 (NS_ERROR_FAILURE) [inIDeepTreeWalker.currentNode] from: server0.conn0.windowGlobal242665652277/domwalker32 (resource://devtools/server/actors/inspector/document-walker.js:79:0)", "resource://devtools/shared/protocol/Front.js", 365))
JavaScript error: resource://devtools/shared/protocol/Front.js, line 365: Error: Protocol error (NS_ERROR_FAILURE): Component returned failure code: 0x80004005 (NS_ERROR_FAILURE) [inIDeepTreeWalker.currentNode] from: server0.conn0.windowGlobal242665652277/domwalker32 (resource://devtools/server/actors/inspector/document-walker.js:79:0)
console.error: "Failed to start [root-node] legacy listener for target null" (new Error("Connection closed, pending request to server0.conn0.windowGlobal242665652282/domwalker21, type watchRootNode failed\n\nRequest stack:\nrequest@resource://devtools/shared/protocol/Front.js:292:14\ngenerateRequestMethods/</frontProto[name]@resource://devtools/shared/protocol/Front/FrontClassWithSpec.js:46:19\nmodule.exports@resource://devtools/shared/commands/resource/legacy-listeners/root-node.js:60:31\n", "resource://devtools/shared/protocol/Front.js", 106))
console.error: "Failed to start [root-node] legacy listener for target null" (new Error("Connection closed, pending request to server0.conn0.windowGlobal246960619523/domwalker21, type watchRootNode failed\n\nRequest stack:\nrequest@resource://devtools/shared/protocol/Front.js:292:14\ngenerateRequestMethods/</frontProto[name]@resource://devtools/shared/protocol/Front/FrontClassWithSpec.js:46:19\nmodule.exports@resource://devtools/shared/commands/resource/legacy-listeners/root-node.js:60:31\n", "resource://devtools/shared/protocol/Front.js", 106))
console.error: "Failed to start [root-node] legacy listener for target null" (new Error("Connection closed, pending request to server0.conn0.windowGlobal246960619526/domwalker21, type watchRootNode failed\n\nRequest stack:\nrequest@resource://devtools/shared/protocol/Front.js:292:14\ngenerateRequestMethods/</frontProto[name]@resource://devtools/shared/protocol/Front/FrontClassWithSpec.js:46:19\nmodule.exports@resource://devtools/shared/commands/resource/legacy-listeners/root-node.js:60:31\n", "resource://devtools/shared/protocol/Front.js", 106))
JavaScript error: resource://devtools/client/framework/toolbox.js, line 3367: TypeError: data.frameData.id is null
JavaScript error: resource://devtools/client/framework/toolbox.js, line 3367: TypeError: data.frameData.id is null
console.error: "Failed to start [root-node] legacy listener for target null" (new Error("Connection closed, pending request to server0.conn0.windowGlobal246960619535/domwalker21, type watchRootNode failed\n\nRequest stack:\nrequest@resource://devtools/shared/protocol/Front.js:292:14\ngenerateRequestMethods/</frontProto[name]@resource://devtools/shared/protocol/Front/FrontClassWithSpec.js:46:19\nmodule.exports@resource://devtools/shared/commands/resource/legacy-listeners/root-node.js:60:31\n", "resource://devtools/shared/protocol/Front.js", 106))
JavaScript error: resource://devtools/client/framework/toolbox.js, line 3367: TypeError: data.frameData.id is null
JavaScript error: resource://devtools/client/framework/toolbox.js, line 3367: TypeError: data.frameData.id is null
console.error: "Unable to find target with innerWindowId:246960619539"
console.warn: "Error while destroying front:" "inspector" (new Error("Connection closed, pending request to server0.conn0.windowGlobal246960619544/inspectorActor4, type getWalker failed\n\nRequest stack:\nrequest@resource://devtools/shared/protocol/Front.js:292:14\ngenerateRequestMethods/</frontProto[name]@resource://devtools/shared/protocol/Front/FrontClassWithSpec.js:46:19\n_getWalker@resource://devtools/client/fronts/inspector.js:90:30\ninitialize@resource://devtools/client/fronts/inspector.js:79:12\n", "resource://devtools/shared/protocol/Front.js", 106))
console.error: "Failed to start [root-node] legacy listener for target null" (new Error("Connection closed, pending request to server0.conn0.windowGlobal246960619544/inspectorActor4, type getWalker failed\n\nRequest stack:\nrequest@resource://devtools/shared/protocol/Front.js:292:14\ngenerateRequestMethods/</frontProto[name]@resource://devtools/shared/protocol/Front/FrontClassWithSpec.js:46:19\n_getWalker@resource://devtools/client/fronts/inspector.js:90:30\ninitialize@resource://devtools/client/fronts/inspector.js:79:12\n", "resource://devtools/shared/protocol/Front.js", 106))
JavaScript error: resource://devtools/shared/protocol/Front.js, line 106: Error: Connection closed, pending request to server0.conn0.windowGlobal246960619544/inspectorActor4, type getWalker failed

Request stack:
request@resource://devtools/shared/protocol/Front.js:292:14
generateRequestMethods/</frontProto[name]@resource://devtools/shared/protocol/Front/FrontClassWithSpec.js:46:19
_getWalker@resource://devtools/client/fronts/inspector.js:90:30
initialize@resource://devtools/client/fronts/inspector.js:79:12

